2015-11-02 21:21:22,625 [INFO] from play.api.Play in main - Application started (Prod)
2015-11-02 21:21:22,893 [INFO] from play.core.server.NettyServer in main - Listening for HTTP on /0:0:0:0:0:0:0:0:9000
2015-11-02 21:21:52,739 [ERROR] from application in application-akka.actor.default-dispatcher-2 - 

! @6o2ahf54j - Internal server error, for (GET) [/test] ->
 
play.api.UnexpectedException: Unexpected exception[NoSuchElementException: None.get]
	at play.api.http.HttpErrorHandlerExceptions$.throwableToUsefulException(HttpErrorHandler.scala:261) ~[com.typesafe.play.play_2.11-2.4.3.jar:2.4.3]
	at play.api.http.DefaultHttpErrorHandler.onServerError(HttpErrorHandler.scala:191) ~[com.typesafe.play.play_2.11-2.4.3.jar:2.4.3]
	at play.api.GlobalSettings$class.onError(GlobalSettings.scala:179) [com.typesafe.play.play_2.11-2.4.3.jar:2.4.3]
	at play.api.DefaultGlobal$.onError(GlobalSettings.scala:212) [com.typesafe.play.play_2.11-2.4.3.jar:2.4.3]
	at play.api.http.GlobalSettingsHttpErrorHandler.onServerError(HttpErrorHandler.scala:94) [com.typesafe.play.play_2.11-2.4.3.jar:2.4.3]
	at play.core.server.netty.PlayDefaultUpstreamHandler$$anonfun$9$$anonfun$apply$1.applyOrElse(PlayDefaultUpstreamHandler.scala:158) [com.typesafe.play.play-netty-server_2.11-2.4.3.jar:2.4.3]
	at play.core.server.netty.PlayDefaultUpstreamHandler$$anonfun$9$$anonfun$apply$1.applyOrElse(PlayDefaultUpstreamHandler.scala:155) [com.typesafe.play.play-netty-server_2.11-2.4.3.jar:2.4.3]
	at scala.runtime.AbstractPartialFunction.apply(AbstractPartialFunction.scala:36) [org.scala-lang.scala-library-2.11.7.jar:na]
	at scala.util.Failure$$anonfun$recover$1.apply(Try.scala:216) [org.scala-lang.scala-library-2.11.7.jar:na]
	at scala.util.Try$.apply(Try.scala:192) [org.scala-lang.scala-library-2.11.7.jar:na]
	at scala.util.Failure.recover(Try.scala:216) [org.scala-lang.scala-library-2.11.7.jar:na]
	at scala.concurrent.Future$$anonfun$recover$1.apply(Future.scala:324) [org.scala-lang.scala-library-2.11.7.jar:na]
	at scala.concurrent.Future$$anonfun$recover$1.apply(Future.scala:324) [org.scala-lang.scala-library-2.11.7.jar:na]
	at scala.concurrent.impl.CallbackRunnable.run(Promise.scala:32) [org.scala-lang.scala-library-2.11.7.jar:na]
	at play.api.libs.iteratee.Execution$trampoline$.executeScheduled(Execution.scala:109) [com.typesafe.play.play-iteratees_2.11-2.4.3.jar:2.4.3]
	at play.api.libs.iteratee.Execution$trampoline$.execute(Execution.scala:71) [com.typesafe.play.play-iteratees_2.11-2.4.3.jar:2.4.3]
	at scala.concurrent.impl.CallbackRunnable.executeWithValue(Promise.scala:40) [org.scala-lang.scala-library-2.11.7.jar:na]
	at scala.concurrent.impl.Promise$DefaultPromise.tryComplete(Promise.scala:248) [org.scala-lang.scala-library-2.11.7.jar:na]
	at scala.concurrent.Promise$class.complete(Promise.scala:55) [org.scala-lang.scala-library-2.11.7.jar:na]
	at scala.concurrent.impl.Promise$DefaultPromise.complete(Promise.scala:153) [org.scala-lang.scala-library-2.11.7.jar:na]
	at scala.concurrent.impl.Future$PromiseCompletingRunnable.run(Future.scala:23) [org.scala-lang.scala-library-2.11.7.jar:na]
	at akka.dispatch.TaskInvocation.run(AbstractDispatcher.scala:40) [com.typesafe.akka.akka-actor_2.11-2.3.13.jar:na]
	at akka.dispatch.ForkJoinExecutorConfigurator$AkkaForkJoinTask.exec(AbstractDispatcher.scala:397) [com.typesafe.akka.akka-actor_2.11-2.3.13.jar:na]
	at scala.concurrent.forkjoin.ForkJoinTask.doExec(ForkJoinTask.java:260) [org.scala-lang.scala-library-2.11.7.jar:na]
	at scala.concurrent.forkjoin.ForkJoinPool$WorkQueue.runTask(ForkJoinPool.java:1339) [org.scala-lang.scala-library-2.11.7.jar:na]
	at scala.concurrent.forkjoin.ForkJoinPool.runWorker(ForkJoinPool.java:1979) [org.scala-lang.scala-library-2.11.7.jar:na]
	at scala.concurrent.forkjoin.ForkJoinWorkerThread.run(ForkJoinWorkerThread.java:107) [org.scala-lang.scala-library-2.11.7.jar:na]
Caused by: java.util.NoSuchElementException: None.get
	at scala.None$.get(Option.scala:347) ~[org.scala-lang.scala-library-2.11.7.jar:na]
	at scala.None$.get(Option.scala:345) ~[org.scala-lang.scala-library-2.11.7.jar:na]
	at play.api.data.Form.get(Form.scala:221) ~[com.typesafe.play.play_2.11-2.4.3.jar:2.4.3]
	at controllers.Query$$anonfun$test$1.apply(Query.scala:115) ~[my-first-app.my-first-app-1.0.0-SNAPSHOT-sans-externalized.jar:na]
	at controllers.Query$$anonfun$test$1.apply(Query.scala:115) ~[my-first-app.my-first-app-1.0.0-SNAPSHOT-sans-externalized.jar:na]
	at play.api.mvc.ActionBuilder$$anonfun$apply$16.apply(Action.scala:408) ~[com.typesafe.play.play_2.11-2.4.3.jar:2.4.3]
	at play.api.mvc.ActionBuilder$$anonfun$apply$16.apply(Action.scala:407) ~[com.typesafe.play.play_2.11-2.4.3.jar:2.4.3]
	at play.api.mvc.Action$.invokeBlock(Action.scala:533) ~[com.typesafe.play.play_2.11-2.4.3.jar:2.4.3]
	at play.api.mvc.Action$.invokeBlock(Action.scala:530) ~[com.typesafe.play.play_2.11-2.4.3.jar:2.4.3]
	at play.api.mvc.ActionBuilder$$anon$1.apply(Action.scala:493) ~[com.typesafe.play.play_2.11-2.4.3.jar:2.4.3]
	at play.api.mvc.Action$$anonfun$apply$1$$anonfun$apply$4$$anonfun$apply$5.apply(Action.scala:105) ~[com.typesafe.play.play_2.11-2.4.3.jar:2.4.3]
	at play.api.mvc.Action$$anonfun$apply$1$$anonfun$apply$4$$anonfun$apply$5.apply(Action.scala:105) ~[com.typesafe.play.play_2.11-2.4.3.jar:2.4.3]
	at play.utils.Threads$.withContextClassLoader(Threads.scala:21) ~[com.typesafe.play.play_2.11-2.4.3.jar:2.4.3]
	at play.api.mvc.Action$$anonfun$apply$1$$anonfun$apply$4.apply(Action.scala:104) ~[com.typesafe.play.play_2.11-2.4.3.jar:2.4.3]
	at play.api.mvc.Action$$anonfun$apply$1$$anonfun$apply$4.apply(Action.scala:103) ~[com.typesafe.play.play_2.11-2.4.3.jar:2.4.3]
	at scala.Option.map(Option.scala:146) ~[org.scala-lang.scala-library-2.11.7.jar:na]
	at play.api.mvc.Action$$anonfun$apply$1.apply(Action.scala:103) ~[com.typesafe.play.play_2.11-2.4.3.jar:2.4.3]
	at play.api.mvc.Action$$anonfun$apply$1.apply(Action.scala:96) ~[com.typesafe.play.play_2.11-2.4.3.jar:2.4.3]
	at play.api.libs.iteratee.DoneIteratee$$anonfun$mapM$2.apply(Iteratee.scala:741) ~[com.typesafe.play.play-iteratees_2.11-2.4.3.jar:2.4.3]
	at play.api.libs.iteratee.DoneIteratee$$anonfun$mapM$2.apply(Iteratee.scala:741) ~[com.typesafe.play.play-iteratees_2.11-2.4.3.jar:2.4.3]
	at scala.concurrent.impl.Future$PromiseCompletingRunnable.liftedTree1$1(Future.scala:24) [org.scala-lang.scala-library-2.11.7.jar:na]
	at scala.concurrent.impl.Future$PromiseCompletingRunnable.run(Future.scala:24) [org.scala-lang.scala-library-2.11.7.jar:na]
	... 6 common frames omitted
